activating the configuration...
setting up /etc...
reloading user units for schiffer...
restarting sysinit-reactivation.target
reloading the following units: dbus.service
restarting the following units: polkit.service
the following new units were started: sysinit-reactivation.target, systemd-tmpfiles-resetup.service
/nix/store/1xs7gvnj0p09psgh6541r2n7h3xab2zv-lua-5.2.4-env.drv
  /nix/store/gxf8gcjxnyz02jivcinp0vb0c603l9kw-mpv-with-scripts-0.37.0.drv
  /nix/store/rqg581k9z340ixnzpf1w9y8qk3jrvwlv-system-path.drv
  /nix/store/33nn4mszhf4sxjd5yhya8vvijkm98qkq-X-Restart-Triggers-polkit.drv
  /nix/store/29rk03gyh297nhbzgg92ayqcjhydqmcp-unit-polkit.service.drv
  /nix/store/9vvlmdp61b2vgcv0cz952imdariyypkl-unit-wireplumber.service-disabled.drv
  /nix/store/jrd9yxakxc37g1yrvgpix4jaahv8gggl-unit-pipewire.socket-disabled.drv
  /nix/store/g3pr7hc1100y0kwlwvfr2313q7sm5iz1-dbus-1.drv
  /nix/store/y7wnriyb81innxf72rl1i62vi2nm4w0i-X-Restart-Triggers-dbus.drv
  /nix/store/v2klnkl7jdazck1af0dyvj98zrlj6hmq-unit-dbus.service.drv
  /nix/store/y2jv02c16y8sjf6xv17pbb2njzlaa2jn-unit-console-getty.service-disabled.drv
  /nix/store/a0yfq0fdliwasl64xjiyfcminzr1xpll-system-units.drv
  /nix/store/8p827ghd5pn6xwwqb799b0krp04x5m6q-unit-dbus.service.drv
  /nix/store/plg8y2id9d2j3489w0vi46512ci9bvfp-user-units.drv
  /nix/store/c57gcyihwkwacq2ky7wmaqq1kgb64ds3-etc.drv
  /nix/store/fy9c7cwbiwx0knf41li6gyaiafkijsjf-stage-2-init.sh.drv
  /nix/store/jli5dbxi7s5chqy612whk3bhr16anv00-boot.json.drv
  /nix/store/kiqq4vhjs2jz4bhspf244m1cb5507zys-ensure-all-wrappers-paths-exist.drv
  /nix/store/2icr8xas1qv7jzcfarvmawwla9hsfxs0-nixos-system-nixos-24.05.20240228.9099616.drv
these 41 paths will be fetched (18.77 MiB download, 115.75 MiB unpacked):
  /nix/store/b100yiapkg7zpydfz4nb608jsb7nksd2-atomicparsley-20221229.172126.d813aa6
  /nix/store/l3hj8i3qaj2afk8a4gkqx0gw3v1v5pyc-die-hook
  /nix/store/l9w1qydwkd8xw2907vkz3rxawdxbqscw-ffmpeg-headless-6.1-bin
  /nix/store/8ja6nib32kv3h9z6jwlh95b5ayma7wfx-file-5.45
  /nix/store/3w7chgg0ddy7nxmilmc8vlwndp0il9is-getconf-glibc-2.38-44
  /nix/store/zwkzkw313x6vmd9683h11rqaawyysz1s-gnu-config-2023-09-19
  /nix/store/w0q0c4jham4h0cbvi3ygydl6hrcmzn6x-gnumake-4.4.1
  /nix/store/5bhw8nlns94qqpizrm69drskw5pg9j71-libXpresent-1.0.1
  /nix/store/7vfid856jdsqla0h1r8lfvz3d0ji5zwz-libbluray-1.3.4
  /nix/store/08kpnhv60a9c1rjpqnv9vzjrdc39r0r9-libdovi-3.1.2
  /nix/store/qhy5rs2bwb7ic6l2n4cdvzx17nc3yf2f-libplacebo-6.338.2
  /nix/store/zhkgm2m3j0idyl17lxhm0nz57q36d00p-libxslt-1.1.39-bin
  /nix/store/zcawmzfg9r1lrc5g29ljgmxpj6f0p95s-lndir-1.0.4
  /nix/store/z8ki9da5bzpn7axjcyn3rqlpj5plj67z-lua-5.2.4-env
  /nix/store/2sbbabz6qx88bbm589qdbagbh5fcrz8a-lua-setup-hook.sh
  /nix/store/sfc6q2sl9378hxrgvmpkrh6fky5yni5h-lua5.2-luasocket-3.1.0-1
  /nix/store/jzjd5k7fb606d0vd8b79kzhgn3gsg001-make-binary-wrapper-hook
  /nix/store/qyh61bhf3s7jgmczpmdq5ps72xqizsnq-make-shell-wrapper-hook
  /nix/store/h28gg4zhzp270kzj64hwk33cywchpal1-mpv-0.37.0
  /nix/store/yvmiwzb2ahwlkx3chx9wkncf1rqfpxa3-mpv-0.37.0-dev
  /nix/store/qb23iqjagzws2pc024d9irrha7c07wy0-mpv-0.37.0-doc
  /nix/store/2py3dnqig6z8658lp5az1c6qcbkj975w-mpv-0.37.0-man
  /nix/store/vi7bpnqdczwwmdc14qk0fiycjh1fk685-mujs-1.3.4
  /nix/store/jyf7fax34mhhb3xa1qr4wbph6lmqdpdb-python3.11-brotli-1.1.0
  /nix/store/nf569v2f4rdv4mbsif7gw1cvyrdjx7hm-python3.11-certifi-2023.11.17
  /nix/store/3h8ja66xj9bn67sisr4vasv7zdb74g1d-python3.11-cffi-1.16.0
  /nix/store/l5hx40fs6dwhs13gppxd7lmdj10k2399-python3.11-cryptography-42.0.2
  /nix/store/xpsaw4svyzclqvq1w2wkppr2s2a0pwc1-python3.11-jeepney-0.8.0
  /nix/store/dglbrz52kkw0xdwgip2jcha60ma66k7q-python3.11-mutagen-1.47.0
  /nix/store/bz3fdpdra0c7hhb0258hhajn6fyg6wyk-python3.11-pycparser-2.21
  /nix/store/nqsikvhg2fgczfrn097lvw8yfqniyb04-python3.11-pycryptodome-3.19.1
  /nix/store/q7jdqagsdcj4xqsni46avkk4n8iq803l-python3.11-secretstorage-3.3.3
  /nix/store/a8l2wi3gz52nnrq2vfb7xmn0p1g18qcw-python3.11-websockets-12.0
  /nix/store/m6h6ay8i92ijn1lwkr6a4h0h1d5nav54-python3.11-yt-dlp-2023.12.30
  /nix/store/67sh4izdg5jpb2rn0pbbs3gw9wb0b598-rubberband-3.3.0
  /nix/store/3449i6vp06v92pjhpm0sa6b19n20pr74-shaderc-2023.8-lib
  /nix/store/8zzfhqpwghq0z8j4fwwdl5zy1aar0ap4-stdenv-linux
  /nix/store/s2y2yvnv9ca4rxffkg3dif01n24ld9d7-texinfo-7.0.3
  /nix/store/zhdm7lc38l97smlav720dr2rb7aszf86-uchardet-0.0.8
  /nix/store/hcrhrs1mmm2q5a3rzd6xwypqgkpm13vx-update-autotools-gnu-config-scripts-hook
  /nix/store/gvxjvxdkxw04fg8scy6lv2awq4f0k1pw-vamp-plugin-sdk-2.10
copying path '/nix/store/zwkzkw313x6vmd9683h11rqaawyysz1s-gnu-config-2023-09-19' from 'https://cache.nixos.org'...
copying path '/nix/store/qb23iqjagzws2pc024d9irrha7c07wy0-mpv-0.37.0-doc' from 'https://cache.nixos.org'...
copying path '/nix/store/2py3dnqig6z8658lp5az1c6qcbkj975w-mpv-0.37.0-man' from 'https://cache.nixos.org'...
copying path '/nix/store/l3hj8i3qaj2afk8a4gkqx0gw3v1v5pyc-die-hook' from 'https://cache.nixos.org'...
copying path '/nix/store/8ja6nib32kv3h9z6jwlh95b5ayma7wfx-file-5.45' from 'https://cache.nixos.org'...
copying path '/nix/store/3w7chgg0ddy7nxmilmc8vlwndp0il9is-getconf-glibc-2.38-44' from 'https://cache.nixos.org'...
copying path '/nix/store/w0q0c4jham4h0cbvi3ygydl6hrcmzn6x-gnumake-4.4.1' from 'https://cache.nixos.org'...
copying path '/nix/store/2sbbabz6qx88bbm589qdbagbh5fcrz8a-lua-setup-hook.sh' from 'https://cache.nixos.org'...
copying path '/nix/store/s2y2yvnv9ca4rxffkg3dif01n24ld9d7-texinfo-7.0.3' from 'https://cache.nixos.org'...
copying path '/nix/store/zhkgm2m3j0idyl17lxhm0nz57q36d00p-libxslt-1.1.39-bin' from 'https://cache.nixos.org'...
copying path '/nix/store/zcawmzfg9r1lrc5g29ljgmxpj6f0p95s-lndir-1.0.4' from 'https://cache.nixos.org'...
copying path '/nix/store/b100yiapkg7zpydfz4nb608jsb7nksd2-atomicparsley-20221229.172126.d813aa6' from 'https://cache.nixos.org'...
copying path '/nix/store/l9w1qydwkd8xw2907vkz3rxawdxbqscw-ffmpeg-headless-6.1-bin' from 'https://cache.nixos.org'...
copying path '/nix/store/5bhw8nlns94qqpizrm69drskw5pg9j71-libXpresent-1.0.1' from 'https://cache.nixos.org'...
copying path '/nix/store/7vfid856jdsqla0h1r8lfvz3d0ji5zwz-libbluray-1.3.4' from 'https://cache.nixos.org'...
copying path '/nix/store/sfc6q2sl9378hxrgvmpkrh6fky5yni5h-lua5.2-luasocket-3.1.0-1' from 'https://cache.nixos.org'...
copying path '/nix/store/08kpnhv60a9c1rjpqnv9vzjrdc39r0r9-libdovi-3.1.2' from 'https://cache.nixos.org'...
copying path '/nix/store/jzjd5k7fb606d0vd8b79kzhgn3gsg001-make-binary-wrapper-hook' from 'https://cache.nixos.org'...
copying path '/nix/store/qyh61bhf3s7jgmczpmdq5ps72xqizsnq-make-shell-wrapper-hook' from 'https://cache.nixos.org'...
copying path '/nix/store/vi7bpnqdczwwmdc14qk0fiycjh1fk685-mujs-1.3.4' from 'https://cache.nixos.org'...
copying path '/nix/store/jyf7fax34mhhb3xa1qr4wbph6lmqdpdb-python3.11-brotli-1.1.0' from 'https://cache.nixos.org'...
copying path '/nix/store/nf569v2f4rdv4mbsif7gw1cvyrdjx7hm-python3.11-certifi-2023.11.17' from 'https://cache.nixos.org'...
copying path '/nix/store/xpsaw4svyzclqvq1w2wkppr2s2a0pwc1-python3.11-jeepney-0.8.0' from 'https://cache.nixos.org'...
copying path '/nix/store/dglbrz52kkw0xdwgip2jcha60ma66k7q-python3.11-mutagen-1.47.0' from 'https://cache.nixos.org'...
copying path '/nix/store/bz3fdpdra0c7hhb0258hhajn6fyg6wyk-python3.11-pycparser-2.21' from 'https://cache.nixos.org'...
copying path '/nix/store/nqsikvhg2fgczfrn097lvw8yfqniyb04-python3.11-pycryptodome-3.19.1' from 'https://cache.nixos.org'...
copying path '/nix/store/a8l2wi3gz52nnrq2vfb7xmn0p1g18qcw-python3.11-websockets-12.0' from 'https://cache.nixos.org'...
copying path '/nix/store/3449i6vp06v92pjhpm0sa6b19n20pr74-shaderc-2023.8-lib' from 'https://cache.nixos.org'...
copying path '/nix/store/zhdm7lc38l97smlav720dr2rb7aszf86-uchardet-0.0.8' from 'https://cache.nixos.org'...
copying path '/nix/store/hcrhrs1mmm2q5a3rzd6xwypqgkpm13vx-update-autotools-gnu-config-scripts-hook' from 'https://cache.nixos.org'...
copying path '/nix/store/gvxjvxdkxw04fg8scy6lv2awq4f0k1pw-vamp-plugin-sdk-2.10' from 'https://cache.nixos.org'...
copying path '/nix/store/z8ki9da5bzpn7axjcyn3rqlpj5plj67z-lua-5.2.4-env' from 'https://cache.nixos.org'...
copying path '/nix/store/3h8ja66xj9bn67sisr4vasv7zdb74g1d-python3.11-cffi-1.16.0' from 'https://cache.nixos.org'...
copying path '/nix/store/8zzfhqpwghq0z8j4fwwdl5zy1aar0ap4-stdenv-linux' from 'https://cache.nixos.org'...
copying path '/nix/store/67sh4izdg5jpb2rn0pbbs3gw9wb0b598-rubberband-3.3.0' from 'https://cache.nixos.org'...
copying path '/nix/store/l5hx40fs6dwhs13gppxd7lmdj10k2399-python3.11-cryptography-42.0.2' from 'https://cache.nixos.org'...
building '/nix/store/jli5dbxi7s5chqy612whk3bhr16anv00-boot.json.drv'...
building '/nix/store/fn02qn0kq37ib871bx1gv8kw93m1nqik-builder.pl.drv'...
building '/nix/store/kiqq4vhjs2jz4bhspf244m1cb5507zys-ensure-all-wrappers-paths-exist.drv'...
building '/nix/store/fy9c7cwbiwx0knf41li6gyaiafkijsjf-stage-2-init.sh.drv'...
building '/nix/store/y2jv02c16y8sjf6xv17pbb2njzlaa2jn-unit-console-getty.service-disabled.drv'...
building '/nix/store/09vlp9jfvg06anb1bhzc6m3baqjwihba-unit-pipewire.service-disabled.drv'...
building '/nix/store/jrd9yxakxc37g1yrvgpix4jaahv8gggl-unit-pipewire.socket-disabled.drv'...
building '/nix/store/9vvlmdp61b2vgcv0cz952imdariyypkl-unit-wireplumber.service-disabled.drv'...
copying path '/nix/store/q7jdqagsdcj4xqsni46avkk4n8iq803l-python3.11-secretstorage-3.3.3' from 'https://cache.nixos.org'...
copying path '/nix/store/qhy5rs2bwb7ic6l2n4cdvzx17nc3yf2f-libplacebo-6.338.2' from 'https://cache.nixos.org'...
copying path '/nix/store/m6h6ay8i92ijn1lwkr6a4h0h1d5nav54-python3.11-yt-dlp-2023.12.30' from 'https://cache.nixos.org'...
copying path '/nix/store/h28gg4zhzp270kzj64hwk33cywchpal1-mpv-0.37.0' from 'https://cache.nixos.org'...
copying path '/nix/store/yvmiwzb2ahwlkx3chx9wkncf1rqfpxa3-mpv-0.37.0-dev' from 'https://cache.nixos.org'...
building '/nix/store/gxf8gcjxnyz02jivcinp0vb0c603l9kw-mpv-with-scripts-0.37.0.drv'...
building '/nix/store/rqg581k9z340ixnzpf1w9y8qk3jrvwlv-system-path.drv'...
building '/nix/store/33nn4mszhf4sxjd5yhya8vvijkm98qkq-X-Restart-Triggers-polkit.drv'...
building '/nix/store/g3pr7hc1100y0kwlwvfr2313q7sm5iz1-dbus-1.drv'...
building '/nix/store/29rk03gyh297nhbzgg92ayqcjhydqmcp-unit-polkit.service.drv'...
building '/nix/store/y7wnriyb81innxf72rl1i62vi2nm4w0i-X-Restart-Triggers-dbus.drv'...
building '/nix/store/8p827ghd5pn6xwwqb799b0krp04x5m6q-unit-dbus.service.drv'...
building '/nix/store/v2klnkl7jdazck1af0dyvj98zrlj6hmq-unit-dbus.service.drv'...
building '/nix/store/plg8y2id9d2j3489w0vi46512ci9bvfp-user-units.drv'...
building '/nix/store/a0yfq0fdliwasl64xjiyfcminzr1xpll-system-units.drv'...
building '/nix/store/c57gcyihwkwacq2ky7wmaqq1kgb64ds3-etc.drv'...
building '/nix/store/2icr8xas1qv7jzcfarvmawwla9hsfxs0-nixos-system-nixos-24.05.20240228.9099616.drv'...
